<?xml version="1.0" encoding="UTF-8"?>
<testng-results ignored="0" total="1" passed="1" failed="0" skipped="0">
  <reporter-output>
  </reporter-output>
  <suite started-at="2022-09-06T23:58:06 ICT" name="Default suite" finished-at="2022-09-06T23:58:40 ICT" duration-ms="34332">
    <groups>
    </groups>
    <test started-at="2022-09-06T23:58:06 ICT" name="Default test" finished-at="2022-09-06T23:58:40 ICT" duration-ms="34332">
      <class name="tests.WebTableTest">
        <test-method is-config="true" signature="openBrowser()[pri:0, instance:tests.WebTableTest@3c73951]" started-at="2022-09-06T23:58:06 ICT" name="openBrowser" finished-at="2022-09-06T23:58:18 ICT" duration-ms="12168" status="PASS">
          <reporter-output>
          </reporter-output>
        </test-method> <!-- openBrowser -->
        <test-method signature="verifyTextAfterSubmit()[pri:0, instance:tests.WebTableTest@3c73951]" started-at="2022-09-06T23:58:18 ICT" name="verifyTextAfterSubmit" finished-at="2022-09-06T23:58:40 ICT" duration-ms="22117" status="PASS">
          <reporter-output>
          </reporter-output>
        </test-method> <!-- verifyTextAfterSubmit -->
      </class> <!-- tests.WebTableTest -->
    </test> <!-- Default test -->
  </suite> <!-- Default suite -->
</testng-results>
